<?xml version="1.0" encoding="UTF-8"?>
<!-- Generated by org.testng.reporters.JUnitReportReporter -->
<testsuite skipped="0" hostname="DESKTOP-IM2BC0K" name="com.prestashop.tests.NegativePretaShopHomeWork" tests="4" failures="0" timestamp="21 Jun 2018 03:25:26 GMT" time="33.339" errors="0">
  <testcase name="wrongCredTest" time="8.598" classname="com.prestashop.tests.NegativePretaShopHomeWork"/>
  <testcase name="blankEmailTest" time="8.780" classname="com.prestashop.tests.NegativePretaShopHomeWork"/>
  <testcase name="invalidEmailTest" time="7.365" classname="com.prestashop.tests.NegativePretaShopHomeWork"/>
  <testcase name="blankPasswordTest" time="8.596" classname="com.prestashop.tests.NegativePretaShopHomeWork"/>
</testsuite> <!-- com.prestashop.tests.NegativePretaShopHomeWork -->
