<?xml version="1.0" encoding="UTF-8"?>
<!-- Generated by org.testng.reporters.JUnitReportReporter -->
<testsuite skipped="0" hostname="DESKTOP-IM2BC0K" name="com.prestashop.tests.PositivePretaShopHomeWork" tests="1" failures="0" timestamp="21 Jun 2018 03:26:09 GMT" time="14.235" errors="0">
  <testcase name="loginTest" time="14.235" classname="com.prestashop.tests.PositivePretaShopHomeWork"/>
</testsuite> <!-- com.prestashop.tests.PositivePretaShopHomeWork -->
